<?xml version="1.0" encoding="UTF-8"?>
<!-- Generated by org.testng.reporters.JUnitXMLReporter -->
<testsuite ignored="4" hostname="shreyapatil" failures="0" tests="1" name="Default test" time="12.062" errors="0" timestamp="2024-12-19T14:19:48 IST">
  <testcase classname="AmazonTestCases.POM_AddToCart" name="testCase_VerifyIsProductAddedToCartOrNot" time="5.67"/>
  <testcase classname="AmazonTestCases.POM_AddToCart" name="verifyisQntityIsDecreasedAfterRemovingPrdct" time="0.0">
    <ignored/>
  </testcase> <!-- verifyisQntityIsDecreasedAfterRemovingPrdct -->
  <testcase classname="AmazonTestCases.POM_AddToCart" name="verifyQntyIsIncreasedAfterAddingAnotherProduct" time="0.0">
    <ignored/>
  </testcase> <!-- verifyQntyIsIncreasedAfterAddingAnotherProduct -->
  <testcase classname="AmazonTestCases.POM_AddToCart" name="isQntityIsIncreasedAfterAddingPrdct" time="0.0">
    <ignored/>
  </testcase> <!-- isQntityIsIncreasedAfterAddingPrdct -->
  <testcase classname="AmazonTestCases.POM_AddToCart" name="shoppingCartButtnIsDisplayOrNot" time="0.0">
    <ignored/>
  </testcase> <!-- shoppingCartButtnIsDisplayOrNot -->
</testsuite> <!-- Default test -->
