<?xml version="1.0" encoding="UTF-8"?>
<!-- Generated by org.testng.reporters.JUnitXMLReporter -->
<testsuite ignored="19" hostname="DESKTOP-S83HV1A" failures="0" tests="1" name="Default test" time="88.817" errors="0" timestamp="2024-12-30T00:56:04 PST">
  <testcase classname="AmazonTestCases.ShoppingCartPage_TestCases" name="verifyProductQuantityIncreasesWhenPlusSignIsClicked" time="42.465"/>
  <testcase classname="AmazonTestCases.ShoppingCartPage_TestCases" name="verifyUserClickOnProceedToByThenCheckoutPageIsDisplay" time="0.0">
    <ignored/>
  </testcase> <!-- verifyUserClickOnProceedToByThenCheckoutPageIsDisplay -->
  <testcase classname="AmazonTestCases.ShoppingCartPage_TestCases" name="verifyProductNameAndPriceInCart" time="0.0">
    <ignored/>
  </testcase> <!-- verifyProductNameAndPriceInCart -->
  <testcase classname="AmazonTestCases.ShoppingCartPage_TestCases" name="verifyUserDeleteOneProductFromCartDeleteMessageShouldBeDisplay" time="0.0">
    <ignored/>
  </testcase> <!-- verifyUserDeleteOneProductFromCartDeleteMessageShouldBeDisplay -->
  <testcase classname="AmazonTestCases.ShoppingCartPage_TestCases" name="verifySaveToLaterOptionIsDispalyAndEnable" time="0.0">
    <ignored/>
  </testcase> <!-- verifySaveToLaterOptionIsDispalyAndEnable -->
  <testcase classname="AmazonTestCases.ShoppingCartPage_TestCases" name="verifyuserClickOnSeeMoreLikeTheseThenSimilarProductsPageIsOpen" time="0.0">
    <ignored/>
  </testcase> <!-- verifyuserClickOnSeeMoreLikeTheseThenSimilarProductsPageIsOpen -->
  <testcase classname="AmazonTestCases.ShoppingCartPage_TestCases" name="verifyUserClickOnDeselectAllButtonNoItemSelectedMessageIsDisplayed" time="0.0">
    <ignored/>
  </testcase> <!-- verifyUserClickOnDeselectAllButtonNoItemSelectedMessageIsDisplayed -->
  <testcase classname="AmazonTestCases.ShoppingCartPage_TestCases" name="verifyQuantityIncreasesWhenSameProductIsAddedToCart" time="0.0">
    <ignored/>
  </testcase> <!-- verifyQuantityIncreasesWhenSameProductIsAddedToCart -->
  <testcase classname="AmazonTestCases.ShoppingCartPage_TestCases" name="verifyUserClickOnShareThenShareThisProductMsgIsDisplay" time="0.0">
    <ignored/>
  </testcase> <!-- verifyUserClickOnShareThenShareThisProductMsgIsDisplay -->
  <testcase classname="AmazonTestCases.ShoppingCartPage_TestCases" name="verifyproductDisplayIsSameAfterRefreshBrowser" time="0.0">
    <ignored/>
  </testcase> <!-- verifyproductDisplayIsSameAfterRefreshBrowser -->
  <testcase classname="AmazonTestCases.ShoppingCartPage_TestCases" name="verifyTotalProductsQuntityIsIncreasedAfterAddingAnotherProduct" time="0.0">
    <ignored/>
  </testcase> <!-- verifyTotalProductsQuntityIsIncreasedAfterAddingAnotherProduct -->
  <testcase classname="AmazonTestCases.ShoppingCartPage_TestCases" name="verifyallProductIsRemoveIncartTheCartIsEmpty" time="0.0">
    <ignored/>
  </testcase> <!-- verifyallProductIsRemoveIncartTheCartIsEmpty -->
  <testcase classname="AmazonTestCases.ShoppingCartPage_TestCases" name="verifyIsProductAddedToCartOrNot" time="0.0">
    <ignored/>
  </testcase> <!-- verifyIsProductAddedToCartOrNot -->
  <testcase classname="AmazonTestCases.ShoppingCartPage_TestCases" name="verifyUserClickOnDeleteProductMessageTheseProductTitlePageIsOpen" time="0.0">
    <ignored/>
  </testcase> <!-- verifyUserClickOnDeleteProductMessageTheseProductTitlePageIsOpen -->
  <testcase classname="AmazonTestCases.ShoppingCartPage_TestCases" name="verifyProductQuantityDecreasesWhenSubtractSignIsClicked" time="0.0">
    <ignored/>
  </testcase> <!-- verifyProductQuantityDecreasesWhenSubtractSignIsClicked -->
  <testcase classname="AmazonTestCases.ShoppingCartPage_TestCases" name="verifyClickOnAddtoShoppingListThenProductIsAddedToShoppingList" time="0.0">
    <ignored/>
  </testcase> <!-- verifyClickOnAddtoShoppingListThenProductIsAddedToShoppingList -->
  <testcase classname="AmazonTestCases.ShoppingCartPage_TestCases" name="verifyUserClickOnAddedToShoppingListShoppingListIsDisplay" time="0.0">
    <ignored/>
  </testcase> <!-- verifyUserClickOnAddedToShoppingListShoppingListIsDisplay -->
  <testcase classname="AmazonTestCases.ShoppingCartPage_TestCases" name="verifyUserClickOnselectAllButtonAllProductCountIsDisplay" time="0.0">
    <ignored/>
  </testcase> <!-- verifyUserClickOnselectAllButtonAllProductCountIsDisplay -->
  <testcase classname="AmazonTestCases.ShoppingCartPage_TestCases" name="verifyClickOnSaveToLaterproductIsMoveToSaveTolater" time="0.0">
    <ignored/>
  </testcase> <!-- verifyClickOnSaveToLaterproductIsMoveToSaveTolater -->
  <testcase classname="AmazonTestCases.ShoppingCartPage_TestCases" name="verifyRedirectToProductDetailsPageFromShoppingCart" time="0.0">
    <ignored/>
  </testcase> <!-- verifyRedirectToProductDetailsPageFromShoppingCart -->
</testsuite> <!-- Default test -->
