<?xml version="1.0" encoding="UTF-8"?>
<!-- Generated by org.testng.reporters.JUnitXMLReporter -->
<testsuite ignored="0" hostname="shreyapatil" failures="0" tests="4" name="Test" time="35.399" errors="0" timestamp="2024-12-18T16:40:04 IST">
  <testcase classname="AmazonTestCases.POM_AddToCart" name="testCase_VerifyIsProductAddedToCartOrNot" time="6.192"/>
  <testcase classname="AmazonTestCases.POM_AddToCart" name="shoppingCartButtnIsDisplayOrNot" time="4.435"/>
  <testcase classname="AmazonTestCases.POM_AddToCart" name="isQntityIsIncreasedAfterAddingPrdct" time="9.602"/>
  <testcase classname="AmazonTestCases.POM_AddToCart" name="isQntityIsDecreasedAfterRemovingPrdct" time="8.247"/>
</testsuite> <!-- Test -->
