<?xml version="1.0" encoding="UTF-8"?>
<!-- Generated by org.testng.reporters.JUnitXMLReporter -->
<testsuite ignored="0" hostname="DESKTOP-S83HV1A" failures="5" tests="20" name="Test" time="1466.599" errors="0" timestamp="2024-12-28T23:06:45 PST">
  <testcase classname="AmazonTestCases.ShoppingCartPage_TestCases" name="verifyIsProductAddedToCartOrNot" time="21.555"/>
  <testcase classname="AmazonTestCases.ShoppingCartPage_TestCases" name="verifyProductQuantityIncreasesWhenPlusSignIsClicked" time="51.71">
    <failure type="java.lang.AssertionError" message="quantity not increased expected [1] but found [2]">
      <![CDATA[java.lang.AssertionError: quantity not increased expected [1] but found [2]
at AmazonTestCases.ShoppingCartPage_TestCases.verifyProductQuantityIncreasesWhenPlusSignIsClicked(ShoppingCartPage_TestCases.java:82)
at java.base/java.util.ArrayList.forEach(ArrayList.java:1596)
... Removed 31 stack frames]]>
    </failure>
  </testcase> <!-- verifyProductQuantityIncreasesWhenPlusSignIsClicked -->
  <testcase classname="AmazonTestCases.ShoppingCartPage_TestCases" name="verifyProductQuantityDecreasesWhenSubtractSignIsClicked" time="36.538">
    <failure type="java.lang.AssertionError" message="quantity not decress expected [1] but found [2]">
      <![CDATA[java.lang.AssertionError: quantity not decress expected [1] but found [2]
at AmazonTestCases.ShoppingCartPage_TestCases.verifyProductQuantityDecreasesWhenSubtractSignIsClicked(ShoppingCartPage_TestCases.java:105)
at java.base/java.util.ArrayList.forEach(ArrayList.java:1596)
... Removed 31 stack frames]]>
    </failure>
  </testcase> <!-- verifyProductQuantityDecreasesWhenSubtractSignIsClicked -->
  <testcase classname="AmazonTestCases.ShoppingCartPage_TestCases" name="verifyTotalProductsQuntityIsIncreasedAfterAddingAnotherProduct" time="85.843"/>
  <testcase classname="AmazonTestCases.ShoppingCartPage_TestCases" name="verifyQuantityIncreasesWhenSameProductIsAddedToCart" time="77.659"/>
  <testcase classname="AmazonTestCases.ShoppingCartPage_TestCases" name="verifyProductNameAndPriceInCart" time="22.204"/>
  <testcase classname="AmazonTestCases.ShoppingCartPage_TestCases" name="verifyproductDisplayIsSameAfterRefreshBrowser" time="9.257"/>
  <testcase classname="AmazonTestCases.ShoppingCartPage_TestCases" name="verifyUserClickOnDeselectAllButtonNoItemSelectedMessageIsDisplayed" time="12.12"/>
  <testcase classname="AmazonTestCases.ShoppingCartPage_TestCases" name="verifyUserClickOnselectAllButtonAllProductCountIsDisplay" time="18.872"/>
  <testcase classname="AmazonTestCases.ShoppingCartPage_TestCases" name="verifyRedirectToProductDetailsPageFromShoppingCart" time="20.69"/>
  <testcase classname="AmazonTestCases.ShoppingCartPage_TestCases" name="verifySaveToLaterOptionIsDispalyAndEnable" time="2.875"/>
  <testcase classname="AmazonTestCases.ShoppingCartPage_TestCases" name="verifyuserClickOnSeeMoreLikeTheseThenSimilarProductsPageIsOpen" time="4.06"/>
  <testcase classname="AmazonTestCases.ShoppingCartPage_TestCases" name="verifyUserClickOnShareThenShareThisProductMsgIsDisplay" time="4.158"/>
  <testcase classname="AmazonTestCases.ShoppingCartPage_TestCases" name="verifyClickOnSaveToLaterproductIsMoveToSaveTolater" time="3.942"/>
  <testcase classname="AmazonTestCases.ShoppingCartPage_TestCases" name="verifyClickOnAddtoShoppingListThenProductIsAddedToShoppingList" time="64.577">
    <failure type="org.openqa.selenium.TimeoutException" message="Expected condition failed: waiting for visibility of Proxy element for: DefaultElementLocator &amp;apos;By.cssSelector: span#cldd-list-name-19323299IBIUW&amp;apos; (tried for 60 second(s) with 200 milliseconds interval)">
      <![CDATA[org.openqa.selenium.TimeoutException: Expected condition failed: waiting for visibility of Proxy element for: DefaultElementLocator 'By.cssSelector: span#cldd-list-name-19323299IBIUW' (tried for 60 second(s) with 200 milliseconds interval)
at org.openqa.selenium.support.ui.WebDriverWait.timeoutException(WebDriverWait.java:84)
at org.openqa.selenium.support.ui.FluentWait.until(FluentWait.java:228)
at com.testingShastra.utils.waitsFor.visiblityOfElement(waitsFor.java:39)
at com.testingShastra.pages.ShoppingCartPage.clickOnaddToList(ShoppingCartPage.java:157)
at AmazonTestCases.ShoppingCartPage_TestCases.verifyClickOnAddtoShoppingListThenProductIsAddedToShoppingList(ShoppingCartPage_TestCases.java:300)
at java.base/java.util.ArrayList.forEach(ArrayList.java:1596)
Caused by: org.openqa.selenium.NoSuchElementException: Unable to locate element: span#cldd-list-name-19323299IBIUW
For documentation on this error, please visit: https://www.selenium.dev/documentation/webdriver/troubleshooting/errors#no-such-element-exception
Build info: version: '4.25.0', revision: '8a8aea2337'
System info: os.name: 'Windows 10', os.arch: 'amd64', os.version: '10.0', java.version: '21.0.3'
Driver info: org.openqa.selenium.firefox.FirefoxDriver
Command: [941aadaf-e131-47e0-aef8-18f74034d669, findElement {using=css selector, value=span#cldd-list-name-19323299IBIUW}]
Capabilities {acceptInsecureCerts: true, browserName: firefox, browserVersion: 133.0.3, moz:accessibilityChecks: false, moz:buildID: 20241209150345, moz:debuggerAddress: 127.0.0.1:36604, moz:geckodriverVersion: 0.35.0, moz:headless: false, moz:platformVersion: 10.0, moz:processID: 17920, moz:profile: C:\Users\Admin\AppData\Loca..., moz:shutdownTimeout: 60000, moz:webdriverClick: true, moz:windowless: false, pageLoadStrategy: normal, platformName: windows, proxy: Proxy(), se:cdp: ws://127.0.0.1:36604/devtoo..., se:cdpVersion: 85.0, setWindowRect: true, strictFileInteractability: false, timeouts: {implicit: 0, pageLoad: 300000, script: 30000}, unhandledPromptBehavior: dismiss and notify, userAgent: Mozilla/5.0 (Windows NT 10....}
Session ID: 941aadaf-e131-47e0-aef8-18f74034d669
at org.openqa.selenium.remote.ErrorCodec.decode(ErrorCodec.java:167)
at org.openqa.selenium.remote.codec.w3c.W3CHttpResponseCodec.decode(W3CHttpResponseCodec.java:138)
at org.openqa.selenium.remote.codec.w3c.W3CHttpResponseCodec.decode(W3CHttpResponseCodec.java:50)
at org.openqa.selenium.remote.HttpCommandExecutor.execute(HttpCommandExecutor.java:190)
at org.openqa.selenium.remote.service.DriverCommandExecutor.invokeExecute(DriverCommandExecutor.java:216)
at org.openqa.selenium.remote.service.DriverCommandExecutor.execute(DriverCommandExecutor.java:174)
at org.openqa.selenium.remote.RemoteWebDriver.execute(RemoteWebDriver.java:545)
at org.openqa.selenium.remote.ElementLocation$ElementFinder$2.findElement(ElementLocation.java:165)
at org.openqa.selenium.remote.ElementLocation.findElement(ElementLocation.java:59)
at org.openqa.selenium.remote.RemoteWebDriver.findElement(RemoteWebDriver.java:368)
at org.openqa.selenium.remote.RemoteWebDriver.findElement(RemoteWebDriver.java:362)
at org.openqa.selenium.support.pagefactory.DefaultElementLocator.findElement(DefaultElementLocator.java:68)
at org.openqa.selenium.support.pagefactory.internal.LocatingElementHandler.invoke(LocatingElementHandler.java:38)
at jdk.proxy2/jdk.proxy2.$Proxy12.isDisplayed(Unknown Source)
at org.openqa.selenium.support.ui.ExpectedConditions.elementIfVisible(ExpectedConditions.java:304)
at org.openqa.selenium.support.ui.ExpectedConditions$10.apply(ExpectedConditions.java:290)
at org.openqa.selenium.support.ui.ExpectedConditions$10.apply(ExpectedConditions.java:287)
at org.openqa.selenium.support.ui.FluentWait.until(FluentWait.java:203)
... 29 more
... Removed 28 stack frames]]>
    </failure>
  </testcase> <!-- verifyClickOnAddtoShoppingListThenProductIsAddedToShoppingList -->
  <testcase classname="AmazonTestCases.ShoppingCartPage_TestCases" name="verifyUserClickOnAddedToShoppingListShoppingListIsDisplay" time="133.855">
    <failure type="org.openqa.selenium.UnhandledAlertException" message="Unexpected confirmEx dialog detected. Performed handler &amp;quot;dismiss&amp;quot;. Dialog text: To display this page, Firefox must send information that will repeat any action (such as a search or order confirmation) that was performed earlier.: 
Build info: version: &amp;apos;4.25.0&amp;apos;, revision: &amp;apos;8a8aea2337&amp;apos;
System info: os.name: &amp;apos;Windows 10&amp;apos;, os.arch: &amp;apos;amd64&amp;apos;, os.version: &amp;apos;10.0&amp;apos;, java.version: &amp;apos;21.0.3&amp;apos;
Driver info: org.openqa.selenium.firefox.FirefoxDriver
Command: [56235b22-d044-4454-9a3c-9a30310f57e3, findElement {using=css selector, value=span#cldd-list-name-19323299IBIUW}]
Capabilities {acceptInsecureCerts: true, browserName: firefox, browserVersion: 133.0.3, moz:accessibilityChecks: false, moz:buildID: 20241209150345, moz:debuggerAddress: 127.0.0.1:2985, moz:geckodriverVersion: 0.35.0, moz:headless: false, moz:platformVersion: 10.0, moz:processID: 6520, moz:profile: C:\Users\Admin\AppData\Loca..., moz:shutdownTimeout: 60000, moz:webdriverClick: true, moz:windowless: false, pageLoadStrategy: normal, platformName: windows, proxy: Proxy(), se:cdp: ws://127.0.0.1:2985/devtool..., se:cdpVersion: 85.0, setWindowRect: true, strictFileInteractability: false, timeouts: {implicit: 0, pageLoad: 300000, script: 30000}, unhandledPromptBehavior: dismiss and notify, userAgent: Mozilla/5.0 (Windows NT 10....}
Session ID: 56235b22-d044-4454-9a3c-9a30310f57e3">
      <![CDATA[org.openqa.selenium.UnhandledAlertException: Unexpected confirmEx dialog detected. Performed handler "dismiss". Dialog text: To display this page, Firefox must send information that will repeat any action (such as a search or order confirmation) that was performed earlier.: 
Build info: version: '4.25.0', revision: '8a8aea2337'
System info: os.name: 'Windows 10', os.arch: 'amd64', os.version: '10.0', java.version: '21.0.3'
Driver info: org.openqa.selenium.firefox.FirefoxDriver
Command: [56235b22-d044-4454-9a3c-9a30310f57e3, findElement {using=css selector, value=span#cldd-list-name-19323299IBIUW}]
Capabilities {acceptInsecureCerts: true, browserName: firefox, browserVersion: 133.0.3, moz:accessibilityChecks: false, moz:buildID: 20241209150345, moz:debuggerAddress: 127.0.0.1:2985, moz:geckodriverVersion: 0.35.0, moz:headless: false, moz:platformVersion: 10.0, moz:processID: 6520, moz:profile: C:\Users\Admin\AppData\Loca..., moz:shutdownTimeout: 60000, moz:webdriverClick: true, moz:windowless: false, pageLoadStrategy: normal, platformName: windows, proxy: Proxy(), se:cdp: ws://127.0.0.1:2985/devtool..., se:cdpVersion: 85.0, setWindowRect: true, strictFileInteractability: false, timeouts: {implicit: 0, pageLoad: 300000, script: 30000}, unhandledPromptBehavior: dismiss and notify, userAgent: Mozilla/5.0 (Windows NT 10....}
Session ID: 56235b22-d044-4454-9a3c-9a30310f57e3
at org.openqa.selenium.remote.codec.w3c.W3CHttpResponseCodec.decode(W3CHttpResponseCodec.java:136)
at org.openqa.selenium.remote.codec.w3c.W3CHttpResponseCodec.decode(W3CHttpResponseCodec.java:50)
at org.openqa.selenium.remote.HttpCommandExecutor.execute(HttpCommandExecutor.java:190)
at org.openqa.selenium.remote.service.DriverCommandExecutor.invokeExecute(DriverCommandExecutor.java:216)
at org.openqa.selenium.remote.service.DriverCommandExecutor.execute(DriverCommandExecutor.java:174)
at org.openqa.selenium.remote.RemoteWebDriver.execute(RemoteWebDriver.java:545)
at org.openqa.selenium.remote.ElementLocation$ElementFinder$2.findElement(ElementLocation.java:165)
at org.openqa.selenium.remote.ElementLocation.findElement(ElementLocation.java:59)
at org.openqa.selenium.remote.RemoteWebDriver.findElement(RemoteWebDriver.java:368)
at org.openqa.selenium.remote.RemoteWebDriver.findElement(RemoteWebDriver.java:362)
at org.openqa.selenium.support.pagefactory.DefaultElementLocator.findElement(DefaultElementLocator.java:68)
at org.openqa.selenium.support.pagefactory.internal.LocatingElementHandler.invoke(LocatingElementHandler.java:38)
at jdk.proxy2/jdk.proxy2.$Proxy12.isDisplayed(Unknown Source)
at org.openqa.selenium.support.ui.ExpectedConditions.elementIfVisible(ExpectedConditions.java:304)
at org.openqa.selenium.support.ui.ExpectedConditions$10.apply(ExpectedConditions.java:290)
at org.openqa.selenium.support.ui.ExpectedConditions$10.apply(ExpectedConditions.java:287)
at org.openqa.selenium.support.ui.FluentWait.until(FluentWait.java:203)
at com.testingShastra.utils.waitsFor.visiblityOfElement(waitsFor.java:39)
at com.testingShastra.pages.ShoppingCartPage.clickOnaddToList(ShoppingCartPage.java:157)
at AmazonTestCases.ShoppingCartPage_TestCases.verifyUserClickOnAddedToShoppingListShoppingListIsDisplay(ShoppingCartPage_TestCases.java:311)
at java.base/java.util.ArrayList.forEach(ArrayList.java:1596)
... Removed 25 stack frames]]>
    </failure>
  </testcase> <!-- verifyUserClickOnAddedToShoppingListShoppingListIsDisplay -->
  <testcase classname="AmazonTestCases.ShoppingCartPage_TestCases" name="verifyUserClickOnProceedToByThenCheckoutPageIsDisplay" time="10.812"/>
  <testcase classname="AmazonTestCases.ShoppingCartPage_TestCases" name="verifyUserDeleteOneProductFromCartDeleteMessageShouldBeDisplay" time="182.834">
    <failure type="org.openqa.selenium.TimeoutException" message="java.util.concurrent.TimeoutException
Build info: version: &amp;apos;4.25.0&amp;apos;, revision: &amp;apos;8a8aea2337&amp;apos;
System info: os.name: &amp;apos;Windows 10&amp;apos;, os.arch: &amp;apos;amd64&amp;apos;, os.version: &amp;apos;10.0&amp;apos;, java.version: &amp;apos;21.0.3&amp;apos;
Driver info: org.openqa.selenium.firefox.FirefoxDriver
Command: [037ccb37-9182-48f7-815d-849029c6a74c, clickElement {id=547624a9-d6a5-4678-910d-d571cecfdcfc}]
Capabilities {acceptInsecureCerts: true, browserName: firefox, browserVersion: 133.0.3, moz:accessibilityChecks: false, moz:buildID: 20241209150345, moz:debuggerAddress: 127.0.0.1:7834, moz:geckodriverVersion: 0.35.0, moz:headless: false, moz:platformVersion: 10.0, moz:processID: 16684, moz:profile: C:\Users\Admin\AppData\Loca..., moz:shutdownTimeout: 60000, moz:webdriverClick: true, moz:windowless: false, pageLoadStrategy: normal, platformName: windows, proxy: Proxy(), se:cdp: ws://127.0.0.1:7834/devtool..., se:cdpVersion: 85.0, setWindowRect: true, strictFileInteractability: false, timeouts: {implicit: 0, pageLoad: 300000, script: 30000}, unhandledPromptBehavior: dismiss and notify, userAgent: Mozilla/5.0 (Windows NT 10....}
Element: [[FirefoxDriver: firefox on windows (037ccb37-9182-48f7-815d-849029c6a74c)] -&amp;gt; css selector: input[value=&amp;quot;Delete&amp;quot;]]
Session ID: 037ccb37-9182-48f7-815d-849029c6a74c">
      <![CDATA[org.openqa.selenium.TimeoutException: java.util.concurrent.TimeoutException
Build info: version: '4.25.0', revision: '8a8aea2337'
System info: os.name: 'Windows 10', os.arch: 'amd64', os.version: '10.0', java.version: '21.0.3'
Driver info: org.openqa.selenium.firefox.FirefoxDriver
Command: [037ccb37-9182-48f7-815d-849029c6a74c, clickElement {id=547624a9-d6a5-4678-910d-d571cecfdcfc}]
Capabilities {acceptInsecureCerts: true, browserName: firefox, browserVersion: 133.0.3, moz:accessibilityChecks: false, moz:buildID: 20241209150345, moz:debuggerAddress: 127.0.0.1:7834, moz:geckodriverVersion: 0.35.0, moz:headless: false, moz:platformVersion: 10.0, moz:processID: 16684, moz:profile: C:\Users\Admin\AppData\Loca..., moz:shutdownTimeout: 60000, moz:webdriverClick: true, moz:windowless: false, pageLoadStrategy: normal, platformName: windows, proxy: Proxy(), se:cdp: ws://127.0.0.1:7834/devtool..., se:cdpVersion: 85.0, setWindowRect: true, strictFileInteractability: false, timeouts: {implicit: 0, pageLoad: 300000, script: 30000}, unhandledPromptBehavior: dismiss and notify, userAgent: Mozilla/5.0 (Windows NT 10....}
Element: [[FirefoxDriver: firefox on windows (037ccb37-9182-48f7-815d-849029c6a74c)] -> css selector: input[value="Delete"]]
Session ID: 037ccb37-9182-48f7-815d-849029c6a74c
at org.openqa.selenium.remote.http.jdk.JdkHttpClient.execute0(JdkHttpClient.java:418)
at org.openqa.selenium.remote.http.AddSeleniumUserAgent.lambda$apply$0(AddSeleniumUserAgent.java:42)
at org.openqa.selenium.remote.http.Filter.lambda$andFinally$1(Filter.java:55)
at org.openqa.selenium.remote.http.jdk.JdkHttpClient.execute(JdkHttpClient.java:374)
at org.openqa.selenium.remote.HttpCommandExecutor.execute(HttpCommandExecutor.java:187)
at org.openqa.selenium.remote.service.DriverCommandExecutor.invokeExecute(DriverCommandExecutor.java:216)
at org.openqa.selenium.remote.service.DriverCommandExecutor.execute(DriverCommandExecutor.java:174)
at org.openqa.selenium.remote.RemoteWebDriver.execute(RemoteWebDriver.java:545)
at org.openqa.selenium.remote.RemoteWebElement.execute(RemoteWebElement.java:223)
at org.openqa.selenium.remote.RemoteWebElement.click(RemoteWebElement.java:76)
at org.openqa.selenium.support.pagefactory.internal.LocatingElementHandler.invoke(LocatingElementHandler.java:51)
at jdk.proxy2/jdk.proxy2.$Proxy12.click(Unknown Source)
at com.testingShastra.Base.Keyword.clickOn(Keyword.java:42)
at com.testingShastra.pages.ShoppingCartPage.deleteOneProduct(ShoppingCartPage.java:107)
at AmazonTestCases.ShoppingCartPage_TestCases.verifyUserDeleteOneProductFromCartDeleteMessageShouldBeDisplay(ShoppingCartPage_TestCases.java:341)
at java.base/java.util.ArrayList.forEach(ArrayList.java:1596)
Caused by: java.util.concurrent.TimeoutException
at java.base/java.util.concurrent.CompletableFuture.timedGet(CompletableFuture.java:1960)
at java.base/java.util.concurrent.CompletableFuture.get(CompletableFuture.java:2095)
at org.openqa.selenium.remote.http.jdk.JdkHttpClient.execute0(JdkHttpClient.java:401)
... 42 more
... Removed 27 stack frames]]>
    </failure>
  </testcase> <!-- verifyUserDeleteOneProductFromCartDeleteMessageShouldBeDisplay -->
  <testcase classname="AmazonTestCases.ShoppingCartPage_TestCases" name="verifyUserClickOnDeleteProductMessageTheseProductTitlePageIsOpen" time="6.215"/>
  <testcase classname="AmazonTestCases.ShoppingCartPage_TestCases" name="verifyallProductIsRemoveIncartTheCartIsEmpty" time="9.578"/>
</testsuite> <!-- Test -->
