{"uuid":"aec56a27-e042-4aa7-8b03-421bd8e63cda","historyId":"dc9cb9227b306832ce6c2ba7e29331bf","testCaseId":"b280a1f5324612a50082bf3e584c47e4","fullName":"src/test/resources/features/shopping_cart_Test.feature:16","labels":[{"name":"host","value":"DESKTOP-S83HV1A"},{"name":"thread","value":"13680@DESKTOP-S83HV1A.main(1)"},{"name":"feature","value":"This feature file contains all scenarios of shopping cart on amazon."},{"name":"story","value":"To Verify user added product in cart and click on subtract sign quntity of that product is decrease"},{"name":"suite","value":"This feature file contains all scenarios of shopping cart on amazon."},{"name":"testClass","value":"To Verify user added product in cart and click on subtract sign quntity of that product is decrease"},{"name":"framework","value":"cucumber4jvm"},{"name":"language","value":"java"},{"name":"gherkin_uri","value":"file:///C:/TestingShashtra_AmazonProject/src/test/resources/features/shopping_cart_Test.feature"},{"name":"package","value":"src.test.resources.features.shopping_cart_Test_feature.This feature file contains all scenarios of shopping cart on amazon."}],"links":[],"name":"To Verify user added product in cart and click on subtract sign quntity of that product is decrease","status":"broken","statusDetails":{"known":false,"muted":false,"flaky":false,"message":"The element with the reference 24b2c3f7-eb15-431b-a256-38a9eb265ad3 is stale; either its node document is not the active document, or it is no longer connected to the DOM\nFor documentation on this error, please visit: https://www.selenium.dev/documentation/webdriver/troubleshooting/errors#stale-element-reference-exception\nBuild info: version: '4.25.0', revision: '8a8aea2337'\nSystem info: os.name: 'Windows 10', os.arch: 'amd64', os.version: '10.0', java.version: '21.0.3'\nDriver info: org.openqa.selenium.firefox.FirefoxDriver\nCommand: [1a3f901f-940c-4d37-b861-9efd38bf62e6, isElementDisplayed {id=24b2c3f7-eb15-431b-a256-38a9eb265ad3}]\nCapabilities {acceptInsecureCerts: true, browserName: firefox, browserVersion: 133.0.3, moz:accessibilityChecks: false, moz:buildID: 20241209150345, moz:debuggerAddress: 127.0.0.1:27635, moz:geckodriverVersion: 0.35.0, moz:headless: false, moz:platformVersion: 10.0, moz:processID: 22736, moz:profile: C:\\Users\\Admin\\AppData\\Loca..., moz:shutdownTimeout: 60000, moz:webdriverClick: true, moz:windowless: false, pageLoadStrategy: normal, platformName: windows, proxy: Proxy(), se:cdp: ws://127.0.0.1:27635/devtoo..., se:cdpVersion: 85.0, setWindowRect: true, strictFileInteractability: false, timeouts: {implicit: 0, pageLoad: 300000, script: 30000}, unhandledPromptBehavior: dismiss and notify, userAgent: Mozilla/5.0 (Windows NT 10....}\nElement: [[FirefoxDriver: firefox on windows (1a3f901f-940c-4d37-b861-9efd38bf62e6)] -> css selector: div.s-suggestion-container]\nSession ID: 1a3f901f-940c-4d37-b861-9efd38bf62e6","trace":"org.openqa.selenium.StaleElementReferenceException: The element with the reference 24b2c3f7-eb15-431b-a256-38a9eb265ad3 is stale; either its node document is not the active document, or it is no longer connected to the DOM\nFor documentation on this error, please visit: https://www.selenium.dev/documentation/webdriver/troubleshooting/errors#stale-element-reference-exception\nBuild info: version: '4.25.0', revision: '8a8aea2337'\nSystem info: os.name: 'Windows 10', os.arch: 'amd64', os.version: '10.0', java.version: '21.0.3'\nDriver info: org.openqa.selenium.firefox.FirefoxDriver\nCommand: [1a3f901f-940c-4d37-b861-9efd38bf62e6, isElementDisplayed {id=24b2c3f7-eb15-431b-a256-38a9eb265ad3}]\nCapabilities {acceptInsecureCerts: true, browserName: firefox, browserVersion: 133.0.3, moz:accessibilityChecks: false, moz:buildID: 20241209150345, moz:debuggerAddress: 127.0.0.1:27635, moz:geckodriverVersion: 0.35.0, moz:headless: false, moz:platformVersion: 10.0, moz:processID: 22736, moz:profile: C:\\Users\\Admin\\AppData\\Loca..., moz:shutdownTimeout: 60000, moz:webdriverClick: true, moz:windowless: false, pageLoadStrategy: normal, platformName: windows, proxy: Proxy(), se:cdp: ws://127.0.0.1:27635/devtoo..., se:cdpVersion: 85.0, setWindowRect: true, strictFileInteractability: false, timeouts: {implicit: 0, pageLoad: 300000, script: 30000}, unhandledPromptBehavior: dismiss and notify, userAgent: Mozilla/5.0 (Windows NT 10....}\nElement: [[FirefoxDriver: firefox on windows (1a3f901f-940c-4d37-b861-9efd38bf62e6)] -> css selector: div.s-suggestion-container]\nSession ID: 1a3f901f-940c-4d37-b861-9efd38bf62e6\r\n\tat java.base/jdk.internal.reflect.DirectConstructorHandleAccessor.newInstance(DirectConstructorHandleAccessor.java:62)\r\n\tat java.base/java.lang.reflect.Constructor.newInstanceWithCaller(Constructor.java:502)\r\n\tat java.base/java.lang.reflect.Constructor.newInstance(Constructor.java:486)\r\n\tat org.openqa.selenium.remote.ErrorCodec.decode(ErrorCodec.java:167)\r\n\tat org.openqa.selenium.remote.codec.w3c.W3CHttpResponseCodec.decode(W3CHttpResponseCodec.java:138)\r\n\tat org.openqa.selenium.remote.codec.w3c.W3CHttpResponseCodec.decode(W3CHttpResponseCodec.java:50)\r\n\tat org.openqa.selenium.remote.HttpCommandExecutor.execute(HttpCommandExecutor.java:190)\r\n\tat org.openqa.selenium.remote.service.DriverCommandExecutor.invokeExecute(DriverCommandExecutor.java:216)\r\n\tat org.openqa.selenium.remote.service.DriverCommandExecutor.execute(DriverCommandExecutor.java:174)\r\n\tat org.openqa.selenium.remote.RemoteWebDriver.execute(RemoteWebDriver.java:545)\r\n\tat org.openqa.selenium.remote.RemoteWebElement.execute(RemoteWebElement.java:223)\r\n\tat org.openqa.selenium.remote.RemoteWebElement.isDisplayed(RemoteWebElement.java:282)\r\n\tat org.openqa.selenium.support.ui.ExpectedConditions$9.apply(ExpectedConditions.java:264)\r\n\tat org.openqa.selenium.support.ui.ExpectedConditions$9.apply(ExpectedConditions.java:260)\r\n\tat org.openqa.selenium.support.ui.FluentWait.until(FluentWait.java:203)\r\n\tat com.testingShastra.utils.waitsFor.visibilityOfAllElemntMethod(waitsFor.java:30)\r\n\tat com.testingShastra.pages.HomePage.clickOnTshirtToSelect(HomePage.java:74)\r\n\tat com.testingShastra.stepdefinations.shoppingCart.selectTshirtComboFromSearchBox(shoppingCart.java:50)\r\n\tat ✽.User search tShirt on search box and click on man Tshirt Combo product(file:///C:/TestingShashtra_AmazonProject/src/test/resources/features/shopping_cart_Test.feature:18)\r\n"},"stage":"finished","steps":[{"name":"Given User should Login","status":"passed","statusDetails":{"known":false,"muted":false,"flaky":false},"stage":"finished","steps":[],"attachments":[],"parameters":[],"start":1735625300377,"stop":1735625308526},{"name":"When User search tShirt on search box and click on man Tshirt Combo product","status":"broken","statusDetails":{"known":false,"muted":false,"flaky":false,"message":"The element with the reference 24b2c3f7-eb15-431b-a256-38a9eb265ad3 is stale; either its node document is not the active document, or it is no longer connected to the DOM\nFor documentation on this error, please visit: https://www.selenium.dev/documentation/webdriver/troubleshooting/errors#stale-element-reference-exception\nBuild info: version: '4.25.0', revision: '8a8aea2337'\nSystem info: os.name: 'Windows 10', os.arch: 'amd64', os.version: '10.0', java.version: '21.0.3'\nDriver info: org.openqa.selenium.firefox.FirefoxDriver\nCommand: [1a3f901f-940c-4d37-b861-9efd38bf62e6, isElementDisplayed {id=24b2c3f7-eb15-431b-a256-38a9eb265ad3}]\nCapabilities {acceptInsecureCerts: true, browserName: firefox, browserVersion: 133.0.3, moz:accessibilityChecks: false, moz:buildID: 20241209150345, moz:debuggerAddress: 127.0.0.1:27635, moz:geckodriverVersion: 0.35.0, moz:headless: false, moz:platformVersion: 10.0, moz:processID: 22736, moz:profile: C:\\Users\\Admin\\AppData\\Loca..., moz:shutdownTimeout: 60000, moz:webdriverClick: true, moz:windowless: false, pageLoadStrategy: normal, platformName: windows, proxy: Proxy(), se:cdp: ws://127.0.0.1:27635/devtoo..., se:cdpVersion: 85.0, setWindowRect: true, strictFileInteractability: false, timeouts: {implicit: 0, pageLoad: 300000, script: 30000}, unhandledPromptBehavior: dismiss and notify, userAgent: Mozilla/5.0 (Windows NT 10....}\nElement: [[FirefoxDriver: firefox on windows (1a3f901f-940c-4d37-b861-9efd38bf62e6)] -> css selector: div.s-suggestion-container]\nSession ID: 1a3f901f-940c-4d37-b861-9efd38bf62e6","trace":"org.openqa.selenium.StaleElementReferenceException: The element with the reference 24b2c3f7-eb15-431b-a256-38a9eb265ad3 is stale; either its node document is not the active document, or it is no longer connected to the DOM\nFor documentation on this error, please visit: https://www.selenium.dev/documentation/webdriver/troubleshooting/errors#stale-element-reference-exception\nBuild info: version: '4.25.0', revision: '8a8aea2337'\nSystem info: os.name: 'Windows 10', os.arch: 'amd64', os.version: '10.0', java.version: '21.0.3'\nDriver info: org.openqa.selenium.firefox.FirefoxDriver\nCommand: [1a3f901f-940c-4d37-b861-9efd38bf62e6, isElementDisplayed {id=24b2c3f7-eb15-431b-a256-38a9eb265ad3}]\nCapabilities {acceptInsecureCerts: true, browserName: firefox, browserVersion: 133.0.3, moz:accessibilityChecks: false, moz:buildID: 20241209150345, moz:debuggerAddress: 127.0.0.1:27635, moz:geckodriverVersion: 0.35.0, moz:headless: false, moz:platformVersion: 10.0, moz:processID: 22736, moz:profile: C:\\Users\\Admin\\AppData\\Loca..., moz:shutdownTimeout: 60000, moz:webdriverClick: true, moz:windowless: false, pageLoadStrategy: normal, platformName: windows, proxy: Proxy(), se:cdp: ws://127.0.0.1:27635/devtoo..., se:cdpVersion: 85.0, setWindowRect: true, strictFileInteractability: false, timeouts: {implicit: 0, pageLoad: 300000, script: 30000}, unhandledPromptBehavior: dismiss and notify, userAgent: Mozilla/5.0 (Windows NT 10....}\nElement: [[FirefoxDriver: firefox on windows (1a3f901f-940c-4d37-b861-9efd38bf62e6)] -> css selector: div.s-suggestion-container]\nSession ID: 1a3f901f-940c-4d37-b861-9efd38bf62e6\r\n\tat java.base/jdk.internal.reflect.DirectConstructorHandleAccessor.newInstance(DirectConstructorHandleAccessor.java:62)\r\n\tat java.base/java.lang.reflect.Constructor.newInstanceWithCaller(Constructor.java:502)\r\n\tat java.base/java.lang.reflect.Constructor.newInstance(Constructor.java:486)\r\n\tat org.openqa.selenium.remote.ErrorCodec.decode(ErrorCodec.java:167)\r\n\tat org.openqa.selenium.remote.codec.w3c.W3CHttpResponseCodec.decode(W3CHttpResponseCodec.java:138)\r\n\tat org.openqa.selenium.remote.codec.w3c.W3CHttpResponseCodec.decode(W3CHttpResponseCodec.java:50)\r\n\tat org.openqa.selenium.remote.HttpCommandExecutor.execute(HttpCommandExecutor.java:190)\r\n\tat org.openqa.selenium.remote.service.DriverCommandExecutor.invokeExecute(DriverCommandExecutor.java:216)\r\n\tat org.openqa.selenium.remote.service.DriverCommandExecutor.execute(DriverCommandExecutor.java:174)\r\n\tat org.openqa.selenium.remote.RemoteWebDriver.execute(RemoteWebDriver.java:545)\r\n\tat org.openqa.selenium.remote.RemoteWebElement.execute(RemoteWebElement.java:223)\r\n\tat org.openqa.selenium.remote.RemoteWebElement.isDisplayed(RemoteWebElement.java:282)\r\n\tat org.openqa.selenium.support.ui.ExpectedConditions$9.apply(ExpectedConditions.java:264)\r\n\tat org.openqa.selenium.support.ui.ExpectedConditions$9.apply(ExpectedConditions.java:260)\r\n\tat org.openqa.selenium.support.ui.FluentWait.until(FluentWait.java:203)\r\n\tat com.testingShastra.utils.waitsFor.visibilityOfAllElemntMethod(waitsFor.java:30)\r\n\tat com.testingShastra.pages.HomePage.clickOnTshirtToSelect(HomePage.java:74)\r\n\tat com.testingShastra.stepdefinations.shoppingCart.selectTshirtComboFromSearchBox(shoppingCart.java:50)\r\n\tat ✽.User search tShirt on search box and click on man Tshirt Combo product(file:///C:/TestingShashtra_AmazonProject/src/test/resources/features/shopping_cart_Test.feature:18)\r\n"},"stage":"finished","steps":[],"attachments":[],"parameters":[],"start":1735625308526,"stop":1735625309475},{"name":"And select Another Tshirt combo and click on add to cart","status":"skipped","statusDetails":{"known":false,"muted":false,"flaky":false},"stage":"finished","steps":[],"attachments":[],"parameters":[],"start":1735625309475,"stop":1735625309476},{"name":"And Go to cart and check quntity befor and click on subtract sign","status":"skipped","statusDetails":{"known":false,"muted":false,"flaky":false},"stage":"finished","steps":[],"attachments":[],"parameters":[],"start":1735625309476,"stop":1735625309476},{"name":"Then Verify quntity of product is decreases After click on subtract sing","status":"skipped","statusDetails":{"known":false,"muted":false,"flaky":false},"stage":"finished","steps":[],"attachments":[],"parameters":[],"start":1735625309476,"stop":1735625309476}],"attachments":[],"parameters":[],"start":1735625290827,"stop":1735625311742}