<?xml version="1.0" encoding="UTF-8"?>
<testng-results ignored="0" total="1" passed="1" failed="0" skipped="0">
  <reporter-output>
  </reporter-output>
  <suite started-at="2024-12-30T00:54:35 PST" name="Default suite" finished-at="2024-12-30T00:56:04 PST" duration-ms="88817">
    <groups>
    </groups>
    <test started-at="2024-12-30T00:54:35 PST" name="Default test" finished-at="2024-12-30T00:56:04 PST" duration-ms="88817">
      <class name="AmazonTestCases.ShoppingCartPage_TestCases">
        <test-method is-config="true" signature="setup()[pri:0, instance:AmazonTestCases.ShoppingCartPage_TestCases@53fb3dab]" started-at="2024-12-30T00:54:35 PST" name="setup" finished-at="2024-12-30T00:54:56 PST" duration-ms="20748" status="PASS">
          <reporter-output>
          </reporter-output>
        </test-method> <!-- setup -->
        <test-method is-config="true" signature="loginAmazon()[pri:0, instance:AmazonTestCases.ShoppingCartPage_TestCases@53fb3dab]" started-at="2024-12-30T00:54:56 PST" name="loginAmazon" finished-at="2024-12-30T00:55:14 PST" duration-ms="17888" status="PASS">
          <reporter-output>
          </reporter-output>
        </test-method> <!-- loginAmazon -->
        <test-method signature="verifyProductQuantityIncreasesWhenPlusSignIsClicked()[pri:1, instance:AmazonTestCases.ShoppingCartPage_TestCases@53fb3dab]" started-at="2024-12-30T00:55:14 PST" name="verifyProductQuantityIncreasesWhenPlusSignIsClicked" finished-at="2024-12-30T00:55:56 PST" duration-ms="42465" status="PASS">
          <reporter-output>
          </reporter-output>
        </test-method> <!-- verifyProductQuantityIncreasesWhenPlusSignIsClicked -->
        <test-method is-config="true" signature="x1()[pri:0, instance:AmazonTestCases.ShoppingCartPage_TestCases@53fb3dab]" started-at="2024-12-30T00:55:56 PST" name="x1" finished-at="2024-12-30T00:56:01 PST" duration-ms="5016" status="PASS">
          <reporter-output>
          </reporter-output>
        </test-method> <!-- x1 -->
        <test-method is-config="true" signature="tearDown()[pri:0, instance:AmazonTestCases.ShoppingCartPage_TestCases@53fb3dab]" started-at="2024-12-30T00:56:01 PST" name="tearDown" finished-at="2024-12-30T00:56:04 PST" duration-ms="2578" status="PASS">
          <reporter-output>
          </reporter-output>
        </test-method> <!-- tearDown -->
      </class> <!-- AmazonTestCases.ShoppingCartPage_TestCases -->
    </test> <!-- Default test -->
  </suite> <!-- Default suite -->
</testng-results>
