<?xml version="1.0" encoding="UTF-8"?>
<testng-results ignored="0" total="1" passed="1" failed="0" skipped="0">
  <reporter-output>
  </reporter-output>
  <suite started-at="2024-12-19T14:19:36 IST" name="Default suite" finished-at="2024-12-19T14:19:48 IST" duration-ms="12062">
    <groups>
    </groups>
    <test started-at="2024-12-19T14:19:36 IST" name="Default test" finished-at="2024-12-19T14:19:48 IST" duration-ms="12062">
      <class name="AmazonTestCases.POM_AddToCart">
        <test-method is-config="true" signature="setup()[pri:0, instance:AmazonTestCases.POM_AddToCart@304bb45b]" started-at="2024-12-19T14:19:36 IST" name="setup" finished-at="2024-12-19T14:19:42 IST" duration-ms="6342" status="PASS">
          <reporter-output>
          </reporter-output>
        </test-method> <!-- setup -->
        <test-method signature="testCase_VerifyIsProductAddedToCartOrNot()[pri:0, instance:AmazonTestCases.POM_AddToCart@304bb45b]" started-at="2024-12-19T14:19:42 IST" name="testCase_VerifyIsProductAddedToCartOrNot" finished-at="2024-12-19T14:19:48 IST" duration-ms="5670" status="PASS">
          <reporter-output>
          </reporter-output>
        </test-method> <!-- testCase_VerifyIsProductAddedToCartOrNot -->
      </class> <!-- AmazonTestCases.POM_AddToCart -->
    </test> <!-- Default test -->
  </suite> <!-- Default suite -->
</testng-results>
